<?xml version="1.0" encoding="UTF-8"?>
<coverage generated="1745860127367" clover="3.2.0">
  <project timestamp="1745860127367" name="All files">
    <metrics statements="30" coveredstatements="14" conditionals="4" coveredconditionals="0" methods="13" coveredmethods="2" elements="47" coveredelements="16" complexity="0" loc="30" ncloc="30" packages="3" files="8" classes="8"/>
    <package name="React">
      <metrics statements="2" coveredstatements="2" conditionals="0" coveredconditionals="0" methods="1" coveredmethods="1"/>
      <file name="sum.js" path="C:\Users\HP\Documents\React\sum.js">
        <metrics statements="2" coveredstatements="2" conditionals="0" coveredconditionals="0" methods="1" coveredmethods="1"/>
        <line num="1" count="1" type="stmt"/>
        <line num="3" count="1" type="stmt"/>
      </file>
    </package>
    <package name="React.src.components">
      <metrics statements="9" coveredstatements="3" conditionals="4" coveredconditionals="0" methods="4" coveredmethods="1"/>
      <file name="Contact.js" path="C:\Users\HP\Documents\React\src\components\Contact.js">
        <metrics statements="2" coveredstatements="2" conditionals="0" coveredconditionals="0" methods="1" coveredmethods="1"/>
        <line num="3" count="1" type="stmt"/>
        <line num="5" count="2" type="stmt"/>
      </file>
      <file name="Header.js" path="C:\Users\HP\Documents\React\src\components\Header.js">
        <metrics statements="7" coveredstatements="1" conditionals="4" coveredconditionals="0" methods="3" coveredmethods="0"/>
        <line num="10" count="1" type="stmt"/>
        <line num="12" count="0" type="stmt"/>
        <line num="14" count="0" type="stmt"/>
        <line num="16" count="0" type="stmt"/>
        <line num="20" count="0" type="stmt"/>
        <line num="24" count="0" type="stmt"/>
        <line num="39" count="0" type="cond" truecount="0" falsecount="2"/>
      </file>
    </package>
    <package name="React.src.utiles">
      <metrics statements="19" coveredstatements="9" conditionals="0" coveredconditionals="0" methods="8" coveredmethods="0"/>
      <file name="UserContext.js" path="C:\Users\HP\Documents\React\src\utiles\UserContext.js">
        <metrics statements="1" coveredstatements="1" conditionals="0" coveredconditionals="0" methods="1" coveredmethods="0"/>
        <line num="3" count="1" type="stmt"/>
      </file>
      <file name="appStore.js" path="C:\Users\HP\Documents\React\src\utiles\appStore.js">
        <metrics statements="1" coveredstatements="1" conditionals="0" coveredconditionals="0" methods="0" coveredmethods="0"/>
        <line num="4" count="1" type="stmt"/>
      </file>
      <file name="cartSlice.js" path="C:\Users\HP\Documents\React\src\utiles\cartSlice.js">
        <metrics statements="5" coveredstatements="2" conditionals="0" coveredconditionals="0" methods="3" coveredmethods="0"/>
        <line num="3" count="1" type="stmt"/>
        <line num="11" count="0" type="stmt"/>
        <line num="14" count="0" type="stmt"/>
        <line num="17" count="0" type="stmt"/>
        <line num="28" count="1" type="stmt"/>
      </file>
      <file name="contstants.js" path="C:\Users\HP\Documents\React\src\utiles\contstants.js">
        <metrics statements="4" coveredstatements="4" conditionals="0" coveredconditionals="0" methods="0" coveredmethods="0"/>
        <line num="1" count="1" type="stmt"/>
        <line num="3" count="1" type="stmt"/>
        <line num="5" count="1" type="stmt"/>
        <line num="7" count="1" type="stmt"/>
      </file>
      <file name="useOnlineStatus.js" path="C:\Users\HP\Documents\React\src\utiles\useOnlineStatus.js">
        <metrics statements="8" coveredstatements="1" conditionals="0" coveredconditionals="0" methods="4" coveredmethods="0"/>
        <line num="3" count="1" type="stmt"/>
        <line num="5" count="0" type="stmt"/>
        <line num="7" count="0" type="stmt"/>
        <line num="9" count="0" type="stmt"/>
        <line num="11" count="0" type="stmt"/>
        <line num="15" count="0" type="stmt"/>
        <line num="17" count="0" type="stmt"/>
        <line num="23" count="0" type="stmt"/>
      </file>
    </package>
  </project>
</coverage>
