{"C:\\Users\\HP\\Documents\\React\\sum.js": {"path":"C:\\Users\\HP\\Documents\\React\\sum.js","statementMap":{"0":{"start":{"line":1,"column":19},"end":{"line":4,"column":1}},"1":{"start":{"line":3,"column":4},"end":{"line":3,"column":17}}},"fnMap":{"0":{"name":"(anonymous_0)","decl":{"start":{"line":1,"column":19},"end":{"line":1,"column":20}},"loc":{"start":{"line":1,"column":28},"end":{"line":4,"column":1}},"line":1}},"branchMap":{},"s":{"0":1,"1":1},"f":{"0":1},"b":{},"_coverageSchema":"1a1c01bbd47fc00a2c39e90264f33305004495a9","hash":"d1260c2600298fd5d8923cbbf96ddf928988200e"}
,"C:\\Users\\HP\\Documents\\React\\src\\components\\Contact.js": {"path":"C:\\Users\\HP\\Documents\\React\\src\\components\\Contact.js","statementMap":{"0":{"start":{"line":3,"column":16},"end":{"line":12,"column":1}},"1":{"start":{"line":5,"column":4},"end":{"line":10,"column":6}}},"fnMap":{"0":{"name":"(anonymous_0)","decl":{"start":{"line":3,"column":16},"end":{"line":3,"column":17}},"loc":{"start":{"line":3,"column":22},"end":{"line":12,"column":1}},"line":3}},"branchMap":{},"s":{"0":1,"1":2},"f":{"0":2},"b":{},"_coverageSchema":"1a1c01bbd47fc00a2c39e90264f33305004495a9","hash":"8f436775e59f3a36d7c0126c14170c8af6d45a64"}
,"C:\\Users\\HP\\Documents\\React\\src\\components\\Header.js": {"path":"C:\\Users\\HP\\Documents\\React\\src\\components\\Header.js","statementMap":{"0":{"start":{"line":10,"column":15},"end":{"line":50,"column":1}},"1":{"start":{"line":12,"column":41},"end":{"line":12,"column":58}},"2":{"start":{"line":14,"column":25},"end":{"line":14,"column":42}},"3":{"start":{"line":16,"column":17},"end":{"line":16,"column":40}},"4":{"start":{"line":20,"column":21},"end":{"line":20,"column":61}},"5":{"start":{"line":20,"column":44},"end":{"line":20,"column":60}},"6":{"start":{"line":24,"column":4},"end":{"line":49,"column":5}},"7":{"start":{"line":39,"column":23},"end":{"line":39,"column":99}}},"fnMap":{"0":{"name":"(anonymous_0)","decl":{"start":{"line":10,"column":15},"end":{"line":10,"column":16}},"loc":{"start":{"line":10,"column":21},"end":{"line":50,"column":1}},"line":10},"1":{"name":"(anonymous_1)","decl":{"start":{"line":20,"column":33},"end":{"line":20,"column":34}},"loc":{"start":{"line":20,"column":44},"end":{"line":20,"column":60}},"line":20},"2":{"name":"(anonymous_2)","decl":{"start":{"line":38,"column":110},"end":{"line":38,"column":111}},"loc":{"start":{"line":38,"column":115},"end":{"line":40,"column":21}},"line":38}},"branchMap":{"0":{"loc":{"start":{"line":31,"column":83},"end":{"line":31,"column":121}},"type":"cond-expr","locations":[{"start":{"line":31,"column":110},"end":{"line":31,"column":114}},{"start":{"line":31,"column":117},"end":{"line":31,"column":121}}],"line":31},"1":{"loc":{"start":{"line":39,"column":23},"end":{"line":39,"column":98}},"type":"cond-expr","locations":[{"start":{"line":39,"column":50},"end":{"line":39,"column":73}},{"start":{"line":39,"column":76},"end":{"line":39,"column":98}}],"line":39}},"s":{"0":1,"1":0,"2":0,"3":0,"4":0,"5":0,"6":0,"7":0},"f":{"0":0,"1":0,"2":0},"b":{"0":[0,0],"1":[0,0]},"_coverageSchema":"1a1c01bbd47fc00a2c39e90264f33305004495a9","hash":"b054a827af44c6438f92ad5abfbdf457929b2841"}
,"C:\\Users\\HP\\Documents\\React\\src\\utiles\\UserContext.js": {"path":"C:\\Users\\HP\\Documents\\React\\src\\utiles\\UserContext.js","statementMap":{"0":{"start":{"line":3,"column":20},"end":{"line":8,"column":2}}},"fnMap":{"0":{"name":"(anonymous_0)","decl":{"start":{"line":6,"column":22},"end":{"line":6,"column":23}},"loc":{"start":{"line":6,"column":28},"end":{"line":6,"column":30}},"line":6}},"branchMap":{},"s":{"0":1},"f":{"0":0},"b":{},"_coverageSchema":"1a1c01bbd47fc00a2c39e90264f33305004495a9","hash":"e2099da15cb4978a0957a4ccbb15b5a1cccad302"}
,"C:\\Users\\HP\\Documents\\React\\src\\utiles\\appStore.js": {"path":"C:\\Users\\HP\\Documents\\React\\src\\utiles\\appStore.js","statementMap":{"0":{"start":{"line":4,"column":17},"end":{"line":9,"column":2}}},"fnMap":{},"branchMap":{},"s":{"0":1},"f":{},"b":{},"_coverageSchema":"1a1c01bbd47fc00a2c39e90264f33305004495a9","hash":"0fccbaac535b8eecb24fe9dfa62726d26d2828d0"}
,"C:\\Users\\HP\\Documents\\React\\src\\utiles\\cartSlice.js": {"path":"C:\\Users\\HP\\Documents\\React\\src\\utiles\\cartSlice.js","statementMap":{"0":{"start":{"line":3,"column":18},"end":{"line":21,"column":2}},"1":{"start":{"line":11,"column":12},"end":{"line":11,"column":45}},"2":{"start":{"line":14,"column":12},"end":{"line":14,"column":30}},"3":{"start":{"line":17,"column":12},"end":{"line":17,"column":35}},"4":{"start":{"line":28,"column":48},"end":{"line":28,"column":65}}},"fnMap":{"0":{"name":"(anonymous_0)","decl":{"start":{"line":10,"column":16},"end":{"line":10,"column":17}},"loc":{"start":{"line":10,"column":34},"end":{"line":12,"column":9}},"line":10},"1":{"name":"(anonymous_1)","decl":{"start":{"line":13,"column":19},"end":{"line":13,"column":20}},"loc":{"start":{"line":13,"column":29},"end":{"line":15,"column":9}},"line":13},"2":{"name":"(anonymous_2)","decl":{"start":{"line":16,"column":18},"end":{"line":16,"column":19}},"loc":{"start":{"line":16,"column":27},"end":{"line":18,"column":9}},"line":16}},"branchMap":{},"s":{"0":1,"1":0,"2":0,"3":0,"4":1},"f":{"0":0,"1":0,"2":0},"b":{},"_coverageSchema":"1a1c01bbd47fc00a2c39e90264f33305004495a9","hash":"34de98c22046149fe5c14c4ba8d79231b3c5ba6a"}
,"C:\\Users\\HP\\Documents\\React\\src\\utiles\\contstants.js": {"path":"C:\\Users\\HP\\Documents\\React\\src\\utiles\\contstants.js","statementMap":{"0":{"start":{"line":1,"column":28},"end":{"line":1,"column":100}},"1":{"start":{"line":3,"column":24},"end":{"line":3,"column":107}},"2":{"start":{"line":5,"column":29},"end":{"line":5,"column":124}},"3":{"start":{"line":7,"column":24},"end":{"line":7,"column":143}}},"fnMap":{},"branchMap":{},"s":{"0":1,"1":1,"2":1,"3":1},"f":{},"b":{},"_coverageSchema":"1a1c01bbd47fc00a2c39e90264f33305004495a9","hash":"be24e8dbc8803b69fc6d964f4279331b789adab6"}
,"C:\\Users\\HP\\Documents\\React\\src\\utiles\\useOnlineStatus.js": {"path":"C:\\Users\\HP\\Documents\\React\\src\\utiles\\useOnlineStatus.js","statementMap":{"0":{"start":{"line":3,"column":24},"end":{"line":24,"column":1}},"1":{"start":{"line":5,"column":44},"end":{"line":5,"column":58}},"2":{"start":{"line":7,"column":4},"end":{"line":21,"column":11}},"3":{"start":{"line":9,"column":8},"end":{"line":13,"column":11}},"4":{"start":{"line":11,"column":12},"end":{"line":11,"column":35}},"5":{"start":{"line":15,"column":8},"end":{"line":19,"column":11}},"6":{"start":{"line":17,"column":12},"end":{"line":17,"column":34}},"7":{"start":{"line":23,"column":4},"end":{"line":23,"column":24}}},"fnMap":{"0":{"name":"(anonymous_0)","decl":{"start":{"line":3,"column":24},"end":{"line":3,"column":25}},"loc":{"start":{"line":3,"column":30},"end":{"line":24,"column":1}},"line":3},"1":{"name":"(anonymous_1)","decl":{"start":{"line":7,"column":14},"end":{"line":7,"column":15}},"loc":{"start":{"line":7,"column":20},"end":{"line":21,"column":5}},"line":7},"2":{"name":"(anonymous_2)","decl":{"start":{"line":9,"column":43},"end":{"line":9,"column":44}},"loc":{"start":{"line":9,"column":49},"end":{"line":13,"column":9}},"line":9},"3":{"name":"(anonymous_3)","decl":{"start":{"line":15,"column":42},"end":{"line":15,"column":43}},"loc":{"start":{"line":15,"column":48},"end":{"line":19,"column":9}},"line":15}},"branchMap":{},"s":{"0":1,"1":0,"2":0,"3":0,"4":0,"5":0,"6":0,"7":0},"f":{"0":0,"1":0,"2":0,"3":0},"b":{},"_coverageSchema":"1a1c01bbd47fc00a2c39e90264f33305004495a9","hash":"0b518ae155e3190677992f57877a5057a9b08b57"}
}
